SF:lib/services/date_time_service.dart
DA:5,1
DA:6,1
DA:10,1
DA:11,1
DA:12,2
DA:16,1
DA:17,1
DA:18,2
DA:22,1
DA:23,2
DA:27,1
DA:28,2
DA:32,1
DA:33,2
DA:37,1
DA:38,2
DA:45,1
DA:46,1
DA:47,1
DA:48,1
DA:56,1
DA:57,1
DA:58,3
DA:62,1
DA:63,1
DA:64,4
DA:68,1
DA:69,2
DA:73,1
DA:74,2
DA:78,1
DA:79,1
DA:80,3
DA:81,3
DA:82,3
DA:86,1
DA:87,2
DA:91,1
DA:92,2
LF:39
LH:39
end_of_record
SF:lib/locator.dart
DA:10,3
DA:12,0
DA:13,0
DA:14,0
DA:15,0
DA:16,0
DA:17,0
DA:19,1
DA:20,3
DA:21,3
DA:22,3
DA:23,3
DA:24,3
DA:25,3
LF:14
LH:8
end_of_record
SF:lib/services/hive_service.dart
DA:9,0
DA:10,0
DA:11,0
DA:12,0
DA:13,0
DA:14,0
DA:15,0
DA:17,0
DA:18,0
DA:22,0
DA:23,0
DA:24,0
DA:26,0
DA:30,0
DA:31,0
DA:34,0
DA:35,0
DA:39,0
DA:40,0
DA:41,0
DA:45,0
DA:46,0
DA:50,0
DA:51,0
DA:52,0
DA:56,0
DA:57,0
DA:58,0
DA:63,0
DA:64,0
DA:65,0
LF:31
LH:0
end_of_record
SF:lib/services/navigation_service.dart
DA:33,0
DA:40,0
DA:41,0
DA:49,0
DA:50,0
DA:61,0
DA:65,0
DA:67,0
DA:76,0
DA:77,0
DA:84,0
DA:85,0
DA:92,0
DA:93,0
LF:14
LH:0
end_of_record
SF:lib/services/notification_service.dart
DA:13,0
DA:14,0
DA:16,0
DA:17,0
DA:31,0
DA:32,0
DA:40,0
DA:41,0
DA:42,0
DA:44,0
DA:48,0
DA:50,0
DA:51,0
DA:52,0
DA:56,0
DA:58,0
DA:62,0
DA:64,0
DA:65,0
DA:67,0
DA:68,0
DA:70,0
DA:71,0
DA:72,0
DA:74,0
DA:78,0
DA:80,0
DA:83,0
DA:85,0
DA:88,0
DA:90,0
DA:93,0
DA:100,0
DA:108,0
DA:109,0
LF:35
LH:0
end_of_record
SF:lib/services/size_config.dart
DA:26,1
DA:29,1
DA:32,1
DA:35,1
DA:38,1
DA:41,1
DA:50,1
DA:51,1
DA:52,2
DA:53,2
DA:54,3
DA:55,1
DA:57,2
DA:58,2
DA:68,1
DA:69,3
DA:79,1
DA:80,3
DA:90,1
DA:91,2
DA:101,1
DA:102,4
DA:103,2
DA:113,1
DA:114,2
DA:121,1
DA:122,7
LF:27
LH:27
end_of_record
SF:lib/models/day/day.g.dart
DA:13,0
DA:15,0
DA:16,0
DA:17,0
DA:19,0
DA:20,0
DA:21,0
DA:22,0
DA:26,0
DA:29,0
DA:30,0
DA:31,0
DA:32,0
DA:33,0
DA:34,0
DA:35,0
DA:38,0
DA:39,0
DA:41,0
DA:44,0
DA:45,0
DA:46,0
DA:53,0
DA:55,0
DA:56,0
DA:57,0
DA:59,0
DA:60,0
DA:64,0
DA:67,0
DA:68,0
DA:69,0
DA:72,0
DA:73,0
DA:75,0
DA:78,0
DA:79,0
DA:80,0
LF:38
LH:0
end_of_record
SF:lib/models/day/day.dart
DA:16,0
DA:23,0
DA:24,0
DA:25,0
DA:26,0
DA:27,0
DA:32,0
DA:33,0
DA:34,0
DA:35,0
DA:36,0
DA:46,0
LF:12
LH:0
end_of_record
SF:lib/models/expense/expense.g.dart
DA:13,0
DA:15,0
DA:16,0
DA:17,0
DA:19,0
DA:20,0
DA:21,0
DA:22,0
DA:23,0
DA:24,0
DA:28,0
DA:31,0
DA:32,0
DA:33,0
DA:34,0
DA:35,0
DA:36,0
DA:37,0
DA:38,0
DA:39,0
DA:40,0
DA:41,0
DA:44,0
DA:45,0
DA:47,0
DA:50,0
DA:51,0
DA:52,0
DA:59,0
DA:61,0
DA:62,0
DA:63,0
DA:65,0
DA:66,0
DA:70,0
DA:73,0
DA:74,0
DA:75,0
DA:78,0
DA:79,0
DA:81,0
DA:84,0
DA:85,0
DA:86,0
LF:44
LH:0
end_of_record
SF:lib/models/expense/expense.dart
DA:22,0
DA:31,0
DA:32,0
DA:33,0
DA:34,0
DA:35,0
DA:36,0
DA:37,0
DA:42,0
DA:43,0
DA:44,0
DA:45,0
DA:46,0
DA:47,0
DA:48,0
DA:58,0
LF:16
LH:0
end_of_record
SF:lib/services/theme_service.dart
DA:9,1
DA:10,1
LF:2
LH:2
end_of_record
SF:lib/firebase_options.dart
DA:18,1
DA:22,1
DA:23,1
DA:25,0
DA:27,0
DA:29,0
DA:31,0
DA:32,0
DA:37,0
LF:9
LH:3
end_of_record
